<?xml version="1.0" encoding="UTF-8"?>
<!-- Generated by org.testng.reporters.JUnitXMLReporter -->
<testsuite ignored="0" hostname="LAPTOP-6P6DIARP" failures="1" tests="2" name="Surefire test" time="10.247" errors="0" timestamp="2022-12-29T00:34:27 IST">
  <testcase classname="io.cucumber.testng.AbstractTestNGCucumberTests" name="runScenario" time="7.587">
    <failure type="java.lang.AssertionError" message="expected [Beetroot] but found [No data]">
      <![CDATA[java.lang.AssertionError: expected [Beetroot] but found [No data]
at stepDefinitions.OfferPageStepDefinitions.validate_both_names(OfferPageStepDefinitions.java:70)
at ✽.validate both names(file:///C:/Users/manik/Desktop/SDET/Cucumber/Cucumber%20Workspace/CucumberFull/src/test/java/features/searchFeature.feature:8)
... Removed 6 stack frames]]>
    </failure>
  </testcase> <!-- runScenario -->
  <testcase classname="io.cucumber.testng.AbstractTestNGCucumberTests" name="runScenario" time="8.764"/>
</testsuite> <!-- Surefire test -->
