<?xml version="1.0" encoding="UTF-8"?>
<testsuite xmlns:xsi="http://www.w3.org/2001/XMLSchema-instance" xsi:noNamespaceSchemaLocation="https://maven.apache.org/surefire/maven-surefire-plugin/xsd/surefire-test-report.xsd" name="TestSuite" time="10.794" tests="2" errors="0" skipped="0" failures="1">
  <properties>
[...]
</properties>
  <testcase name="runScenario" classname="cucumberOptions.TestNGRunner" time="7.6">
    <failure message="expected [Beetroot] but found [No data]" type="java.lang.AssertionError">java.lang.AssertionError: expected [Beetroot] but found [No data]
</failure>
    <system-out><![CDATA[https://rahulshettyacademy.com/seleniumPractise/#/
https://rahulshettyacademy.com/seleniumPractise/#/
https://rahulshettyacademy.com/seleniumPractise/#/
Beetroot is extracted
https://rahulshettyacademy.com/seleniumPractise/#/
Tomato is extracted
No data is from offer page
Beetroot   No data
https://rahulshettyacademy.com/seleniumPractise/#/
https://rahulshettyacademy.com/seleniumPractise/#/
]]></system-out>
    <system-err><![CDATA[SLF4J: Failed to load class "org.slf4j.impl.StaticLoggerBinder".
SLF4J: Defaulting to no-operation (NOP) logger implementation
SLF4J: See http://www.slf4j.org/codes.html#StaticLoggerBinder for further details.
StartinStg Microsoft Edarge WebDriver 108ting Mi.0crosof.1462.54 (c2998c8c661724d797c22f48cf555a2bef5029ee) on port 17754
To submit feedback, report a bug, or sugtgest new features, please visit https://github.com/Microsoft EdEge/EdgedWebDrige WebvDerri

Only local connections are alvleor 108.0.14wed.62.54
 (c2998c8Pleasec 66s1724d797c22f48cf555a2ebef5029ee) e on port 7h9ttps:63//aka.ms/WebDriverSecurity f
oTro sugge stsubmit feedback, report a bugi, or suggest new feoatuns res, pleaseon keeping v Miiscrit htotpsso:/ft Edge/ Wegithub.com/MicrosoftEdge/EdgebDWebDriver

Onlriyver safe.

 local connections are allowed.
Please see https://aka.ms/WebDriverSecurity for suggestions on keeping Microsoft Edge WebDriver safe.

Microsoft Edge WebDriver was started successfully.
Microsoft Edge WebDriver was started successfully.
]]></system-err>
  </testcase>
  <testcase name="runScenario" classname="cucumberOptions.TestNGRunner" time="8.763"/>
</testsuite>