<?xml version="1.0" encoding="UTF-8"?>
<!-- Generated by org.testng.reporters.JUnitReportReporter -->
<testsuite hostname="LAPTOP-6P6DIARP" failures="1" tests="3" name="cucumberOptions.TestNGRunner" time="25.651" errors="0" timestamp="2022-12-28T11:57:33 IST" skipped="0">
  <testcase classname="cucumberOptions.TestNGRunner" name="runScenario" time="8.623"/>
  <system-out/>
  <testcase classname="cucumberOptions.TestNGRunner" name="runScenario" time="8.521">
    <failure message="expected [Beetroot] but found [No data]" type="java.lang.AssertionError">
      <![CDATA[java.lang.AssertionError: expected [Beetroot] but found [No data]
at org.testng.Assert.fail(Assert.java:110)
at org.testng.Assert.failNotEquals(Assert.java:1413)
at org.testng.Assert.assertEqualsImpl(Assert.java:149)
at org.testng.Assert.assertEquals(Assert.java:131)
at org.testng.Assert.assertEquals(Assert.java:655)
at org.testng.Assert.assertEquals(Assert.java:665)
at stepDefinitions.OfferPageStepDefinitions.validate_both_names(OfferPageStepDefinitions.java:70)
at ✽.validate both names(file:///C:/Users/manik/Desktop/SDET/Cucumber/Cucumber%20Workspace/CucumberFull/src/test/java/features/searchFeature.feature:8)
]]>
    </failure>
  </testcase> <!-- runScenario -->
  <system-out/>
  <testcase classname="cucumberOptions.TestNGRunner" name="runScenario" time="8.507"/>
  <system-out/>
</testsuite> <!-- cucumberOptions.TestNGRunner -->
